c:\users\李闹闹\source\repos\russianblock\russianblock\x64\debug\vc143.pdb
c:\users\李闹闹\source\repos\russianblock\russianblock\x64\debug\vc143.idb
c:\users\李闹闹\source\repos\russianblock\russianblock\x64\debug\gamestart.obj
c:\users\李闹闹\source\repos\russianblock\russianblock\x64\debug\game.obj
c:\users\李闹闹\source\repos\russianblock\russianblock\x64\debug\data.obj
c:\users\李闹闹\source\repos\russianblock\russianblock\x64\debug\callwin.obj
c:\users\李闹闹\source\repos\russianblock\russianblock\x64\debug\main.obj
c:\users\李闹闹\source\repos\russianblock\russianblock\x64\debug\cursor.obj
c:\users\李闹闹\source\repos\russianblock\x64\debug\russianblock.pdb
c:\users\李闹闹\source\repos\russianblock\russianblock\x64\debug\russianblock.tlog\cl.command.1.tlog
c:\users\李闹闹\source\repos\russianblock\russianblock\x64\debug\russianblock.tlog\cl.read.1.tlog
c:\users\李闹闹\source\repos\russianblock\russianblock\x64\debug\russianblock.tlog\cl.write.1.tlog
c:\users\李闹闹\source\repos\russianblock\russianblock\x64\debug\russianblock.tlog\link-cvtres.read.1.tlog
c:\users\李闹闹\source\repos\russianblock\russianblock\x64\debug\russianblock.tlog\link-cvtres.write.1.tlog
c:\users\李闹闹\source\repos\russianblock\russianblock\x64\debug\russianblock.tlog\link-rc.read.1.tlog
c:\users\李闹闹\source\repos\russianblock\russianblock\x64\debug\russianblock.tlog\link-rc.write.1.tlog
c:\users\李闹闹\source\repos\russianblock\russianblock\x64\debug\russianblock.tlog\link.30856-cvtres.read.1.tlog
c:\users\李闹闹\source\repos\russianblock\russianblock\x64\debug\russianblock.tlog\link.30856-cvtres.write.1.tlog
c:\users\李闹闹\source\repos\russianblock\russianblock\x64\debug\russianblock.tlog\link.30856-rc.read.1.tlog
c:\users\李闹闹\source\repos\russianblock\russianblock\x64\debug\russianblock.tlog\link.30856-rc.write.1.tlog
c:\users\李闹闹\source\repos\russianblock\russianblock\x64\debug\russianblock.tlog\link.30856.read.1.tlog
c:\users\李闹闹\source\repos\russianblock\russianblock\x64\debug\russianblock.tlog\link.30856.read.2.tlog
c:\users\李闹闹\source\repos\russianblock\russianblock\x64\debug\russianblock.tlog\link.30856.write.1.tlog
c:\users\李闹闹\source\repos\russianblock\russianblock\x64\debug\russianblock.tlog\link.command.1.tlog
c:\users\李闹闹\source\repos\russianblock\russianblock\x64\debug\russianblock.tlog\link.read.1.tlog
c:\users\李闹闹\source\repos\russianblock\russianblock\x64\debug\russianblock.tlog\link.read.2.tlog
c:\users\李闹闹\source\repos\russianblock\russianblock\x64\debug\russianblock.tlog\link.write.1.tlog
